<?xml version="1.0" encoding="UTF-8"?>
<!-- Generated by org.testng.reporters.JUnitReportReporter -->
<testsuite hostname="LAPTOP-9081R7OK" failures="0" tests="9" name="company.TC_ID_13_Add_Company" time="159.976" errors="0" timestamp="2025-04-22T11:42:11 IST" skipped="0">
  <testcase classname="company.TC_ID_13_Add_Company" name="TC_ID_13_02" time="0.891"/>
  <testcase classname="company.TC_ID_13_Add_Company" name="TC_ID_13_01" time="25.021"/>
  <testcase classname="company.TC_ID_13_Add_Company" name="TC_ID_13_04" time="2.594"/>
  <testcase classname="company.TC_ID_13_Add_Company" name="TC_ID_13_03" time="0.448"/>
  <testcase classname="company.TC_ID_13_Add_Company" name="TC_ID_13_07" time="26.021"/>
  <testcase classname="company.TC_ID_13_Add_Company" name="TC_ID_13_08" time="25.470"/>
  <testcase classname="company.TC_ID_13_Add_Company" name="TC_ID_13_06" time="26.836"/>
  <testcase classname="company.TC_ID_13_Add_Company" name="TC_ID_13_05" time="26.329"/>
  <testcase classname="company.TC_ID_13_Add_Company" name="TC_ID_13_09" time="26.366"/>
</testsuite> <!-- company.TC_ID_13_Add_Company -->
