<?xml version="1.0" encoding="UTF-8"?>
<!-- Generated by org.testng.reporters.JUnitReportReporter -->
<testsuite hostname="LAPTOP-9081R7OK" failures="0" tests="8" name="company.TC_ID_15_Admin_Post_A_Job" time="406.425" errors="0" timestamp="2025-04-22T11:59:34 IST" skipped="0">
  <testcase classname="company.TC_ID_15_Admin_Post_A_Job" name="TC_ID_15_08" time="63.431"/>
  <testcase classname="company.TC_ID_15_Admin_Post_A_Job" name="TC_ID_15_05" time="73.910"/>
  <testcase classname="company.TC_ID_15_Admin_Post_A_Job" name="TC_ID_15_03" time="1.387"/>
  <testcase classname="company.TC_ID_15_Admin_Post_A_Job" name="TC_ID_15_06" time="62.037"/>
  <testcase classname="company.TC_ID_15_Admin_Post_A_Job" name="TC_ID_15_04" time="115.878"/>
  <testcase classname="company.TC_ID_15_Admin_Post_A_Job" name="TC_ID_15_01" time="23.069"/>
  <testcase classname="company.TC_ID_15_Admin_Post_A_Job" name="TC_ID_15_02" time="3.045"/>
  <testcase classname="company.TC_ID_15_Admin_Post_A_Job" name="TC_ID_15_07" time="63.668"/>
</testsuite> <!-- company.TC_ID_15_Admin_Post_A_Job -->
