<?xml version="1.0" encoding="UTF-8"?>
<!-- Generated by org.testng.reporters.JUnitReportReporter -->
<testsuite hostname="LAPTOP-9081R7OK" failures="0" tests="3" name="Candidate_TestScripts.TC_ID_07_JobListing_Direct_JobApply" time="34.245" errors="0" timestamp="2025-04-28T01:55:41 IST" skipped="0">
  <testcase classname="Candidate_TestScripts.TC_ID_07_JobListing_Direct_JobApply" name="TC_ID_07_23" time="29.423"/>
  <testcase classname="Candidate_TestScripts.TC_ID_07_JobListing_Direct_JobApply" name="TC_ID_07_25" time="0.182"/>
  <testcase classname="Candidate_TestScripts.TC_ID_07_JobListing_Direct_JobApply" name="TC_ID_07_24" time="4.640"/>
</testsuite> <!-- Candidate_TestScripts.TC_ID_07_JobListing_Direct_JobApply -->
