<?xml version="1.0" encoding="UTF-8"?>
<!-- Generated by org.testng.reporters.JUnitReportReporter -->
<testsuite hostname="LAPTOP-9081R7OK" failures="0" tests="9" name="company.tests.TC_ID_13_Add_Company" time="156.749" errors="0" timestamp="2025-04-01T12:41:44 IST" skipped="0">
  <testcase classname="company.tests.TC_ID_13_Add_Company" name="TC_ID_13_04" time="2.465"/>
  <testcase classname="company.tests.TC_ID_13_Add_Company" name="TC_ID_13_05" time="27.279"/>
  <testcase classname="company.tests.TC_ID_13_Add_Company" name="TC_ID_13_06" time="26.001"/>
  <testcase classname="company.tests.TC_ID_13_Add_Company" name="TC_ID_13_01" time="22.048"/>
  <testcase classname="company.tests.TC_ID_13_Add_Company" name="TC_ID_13_02" time="1.112"/>
  <testcase classname="company.tests.TC_ID_13_Add_Company" name="TC_ID_13_07" time="25.500"/>
  <testcase classname="company.tests.TC_ID_13_Add_Company" name="TC_ID_13_08" time="27.389"/>
  <testcase classname="company.tests.TC_ID_13_Add_Company" name="TC_ID_13_09" time="24.300"/>
  <testcase classname="company.tests.TC_ID_13_Add_Company" name="TC_ID_13_03" time="0.655"/>
</testsuite> <!-- company.tests.TC_ID_13_Add_Company -->
