<?xml version="1.0" encoding="UTF-8"?>
<!-- Generated by org.testng.reporters.JUnitReportReporter -->
<testsuite hostname="LAPTOP-9081R7OK" failures="0" tests="6" name="company.tests.TC_ID_10_Company_Trash_Job" time="79.127" errors="0" timestamp="2025-04-10T14:57:44 IST" skipped="0">
  <testcase classname="company.tests.TC_ID_10_Company_Trash_Job" name="TC_ID_10_05" time="1.820"/>
  <testcase classname="company.tests.TC_ID_10_Company_Trash_Job" name="TC_ID_10_06" time="32.612"/>
  <testcase classname="company.tests.TC_ID_10_Company_Trash_Job" name="TC_ID_10_03" time="20.824"/>
  <testcase classname="company.tests.TC_ID_10_Company_Trash_Job" name="TC_ID_10_01" time="18.231"/>
  <testcase classname="company.tests.TC_ID_10_Company_Trash_Job" name="TC_ID_10_02" time="0.418"/>
  <testcase classname="company.tests.TC_ID_10_Company_Trash_Job" name="TC_ID_10_04" time="5.222"/>
</testsuite> <!-- company.tests.TC_ID_10_Company_Trash_Job -->
