<?xml version="1.0" encoding="UTF-8"?>
<!-- Generated by org.testng.reporters.JUnitReportReporter -->
<testsuite hostname="LAPTOP-9081R7OK" failures="0" tests="8" name="company.TC_ID_03_Post_A_Job" time="400.221" errors="0" timestamp="2025-04-22T11:16:47 IST" skipped="0">
  <testcase classname="company.TC_ID_03_Post_A_Job" name="TC_ID_03_02" time="2.453"/>
  <testcase classname="company.TC_ID_03_Post_A_Job" name="TC_ID_03_01" time="14.394"/>
  <testcase classname="company.TC_ID_03_Post_A_Job" name="TC_ID_03_05" time="70.677"/>
  <testcase classname="company.TC_ID_03_Post_A_Job" name="TC_ID_03_08" time="61.053"/>
  <testcase classname="company.TC_ID_03_Post_A_Job" name="TC_ID_03_03" time="2.059"/>
  <testcase classname="company.TC_ID_03_Post_A_Job" name="TC_ID_03_04" time="115.789"/>
  <testcase classname="company.TC_ID_03_Post_A_Job" name="TC_ID_03_06" time="65.246"/>
  <testcase classname="company.TC_ID_03_Post_A_Job" name="TC_ID_03_07" time="68.550"/>
</testsuite> <!-- company.TC_ID_03_Post_A_Job -->
