<?xml version="1.0" encoding="UTF-8"?>
<!-- Generated by org.testng.reporters.JUnitReportReporter -->
<testsuite hostname="LAPTOP-9081R7OK" failures="0" tests="4" name="Candidate_TestScripts.TC_ID_05_Login_with_InvalidData" time="38.274" errors="0" timestamp="2025-08-14T02:04:18 IST" skipped="0">
  <testcase classname="Candidate_TestScripts.TC_ID_05_Login_with_InvalidData" name="TC_ID_05_15" time="1.814"/>
  <testcase classname="Candidate_TestScripts.TC_ID_05_Login_with_InvalidData" name="TC_ID_05_12" time="18.553"/>
  <testcase classname="Candidate_TestScripts.TC_ID_05_Login_with_InvalidData" name="TC_ID_05_13" time="9.649"/>
  <testcase classname="Candidate_TestScripts.TC_ID_05_Login_with_InvalidData" name="TC_ID_05_14" time="8.258"/>
</testsuite> <!-- Candidate_TestScripts.TC_ID_05_Login_with_InvalidData -->
