<?xml version="1.0" encoding="UTF-8"?>
<!-- Generated by org.testng.reporters.JUnitReportReporter -->
<testsuite hostname="LAPTOP-9081R7OK" failures="0" tests="8" name="company.tests.TC_ID_15_Admin_Post_A_Job" time="423.959" errors="0" timestamp="2025-04-09T10:33:10 IST" skipped="0">
  <testcase classname="company.tests.TC_ID_15_Admin_Post_A_Job" name="TC_ID_15_04" time="123.423"/>
  <testcase classname="company.tests.TC_ID_15_Admin_Post_A_Job" name="TC_ID_15_05" time="84.278"/>
  <testcase classname="company.tests.TC_ID_15_Admin_Post_A_Job" name="TC_ID_15_01" time="21.120"/>
  <testcase classname="company.tests.TC_ID_15_Admin_Post_A_Job" name="TC_ID_15_02" time="4.267"/>
  <testcase classname="company.tests.TC_ID_15_Admin_Post_A_Job" name="TC_ID_15_07" time="65.595"/>
  <testcase classname="company.tests.TC_ID_15_Admin_Post_A_Job" name="TC_ID_15_03" time="2.584"/>
  <testcase classname="company.tests.TC_ID_15_Admin_Post_A_Job" name="TC_ID_15_08" time="58.528"/>
  <testcase classname="company.tests.TC_ID_15_Admin_Post_A_Job" name="TC_ID_15_06" time="64.164"/>
</testsuite> <!-- company.tests.TC_ID_15_Admin_Post_A_Job -->
