<?xml version="1.0" encoding="UTF-8"?>
<!-- Generated by org.testng.reporters.JUnitReportReporter -->
<testsuite hostname="LAPTOP-9081R7OK" failures="0" tests="1" name="Candidate_TestScripts.TC_ID_06_Logout" time="12.243" errors="0" timestamp="2025-08-14T02:04:18 IST" skipped="0">
  <testcase classname="Candidate_TestScripts.TC_ID_06_Logout" name="TC_ID_06_15" time="12.243"/>
</testsuite> <!-- Candidate_TestScripts.TC_ID_06_Logout -->
