<?xml version="1.0" encoding="UTF-8"?>
<!-- Generated by org.testng.reporters.JUnitReportReporter -->
<testsuite hostname="LAPTOP-9081R7OK" failures="0" tests="7" name="Company_TestScripts.TC_ID_11_Company_Dashboard" time="17.451" errors="0" timestamp="2025-04-28T01:55:42 IST" skipped="0">
  <testcase classname="Company_TestScripts.TC_ID_11_Company_Dashboard" name="TC_ID_11_04" time="1.132"/>
  <testcase classname="Company_TestScripts.TC_ID_11_Company_Dashboard" name="TC_ID_11_07" time="0.997"/>
  <testcase classname="Company_TestScripts.TC_ID_11_Company_Dashboard" name="TC_ID_11_05" time="0.933"/>
  <testcase classname="Company_TestScripts.TC_ID_11_Company_Dashboard" name="TC_ID_11_06" time="0.879"/>
  <testcase classname="Company_TestScripts.TC_ID_11_Company_Dashboard" name="TC_ID_11_02" time="0.602"/>
  <testcase classname="Company_TestScripts.TC_ID_11_Company_Dashboard" name="TC_ID_11_01" time="11.073"/>
  <testcase classname="Company_TestScripts.TC_ID_11_Company_Dashboard" name="TC_ID_11_03" time="1.835"/>
</testsuite> <!-- Company_TestScripts.TC_ID_11_Company_Dashboard -->
