<?xml version="1.0" encoding="UTF-8"?>
<!-- Generated by org.testng.reporters.JUnitReportReporter -->
<testsuite hostname="LAPTOP-9081R7OK" failures="0" tests="11" name="Admin_TestScripts.TC_ID_22_Dashboard" time="165.908" errors="0" timestamp="2025-05-18T21:08:04 IST" skipped="0">
  <testcase classname="Admin_TestScripts.TC_ID_22_Dashboard" name="TC_ID_22_11" time="34.709"/>
  <testcase classname="Admin_TestScripts.TC_ID_22_Dashboard" name="TC_ID_22_10" time="0.582"/>
  <testcase classname="Admin_TestScripts.TC_ID_22_Dashboard" name="TC_ID_22_08" time="0.617"/>
  <testcase classname="Admin_TestScripts.TC_ID_22_Dashboard" name="TC_ID_22_06" time="1.084"/>
  <testcase classname="Admin_TestScripts.TC_ID_22_Dashboard" name="TC_ID_22_01" time="19.295"/>
  <testcase classname="Admin_TestScripts.TC_ID_22_Dashboard" name="TC_ID_22_07" time="49.352"/>
  <testcase classname="Admin_TestScripts.TC_ID_22_Dashboard" name="TC_ID_22_03" time="17.563"/>
  <testcase classname="Admin_TestScripts.TC_ID_22_Dashboard" name="TC_ID_22_05" time="24.624"/>
  <testcase classname="Admin_TestScripts.TC_ID_22_Dashboard" name="TC_ID_22_02" time="0.067"/>
  <testcase classname="Admin_TestScripts.TC_ID_22_Dashboard" name="TC_ID_22_04" time="0.549"/>
  <testcase classname="Admin_TestScripts.TC_ID_22_Dashboard" name="TC_ID_22_09" time="17.466"/>
</testsuite> <!-- Admin_TestScripts.TC_ID_22_Dashboard -->
