<?xml version="1.0" encoding="UTF-8"?>
<!-- Generated by org.testng.reporters.JUnitReportReporter -->
<testsuite hostname="LAPTOP-9081R7OK" failures="0" tests="5" name="Admin_TestScripts.TC_ID_18_Candidate_Listing" time="22.842" errors="0" timestamp="2025-04-28T01:55:42 IST" skipped="0">
  <testcase classname="Admin_TestScripts.TC_ID_18_Candidate_Listing" name="TC_ID_18_04" time="6.040"/>
  <testcase classname="Admin_TestScripts.TC_ID_18_Candidate_Listing" name="TC_ID_18_01" time="10.503"/>
  <testcase classname="Admin_TestScripts.TC_ID_18_Candidate_Listing" name="TC_ID_18_05" time="1.762"/>
  <testcase classname="Admin_TestScripts.TC_ID_18_Candidate_Listing" name="TC_ID_18_02" time="0.110"/>
  <testcase classname="Admin_TestScripts.TC_ID_18_Candidate_Listing" name="TC_ID_18_03" time="4.427"/>
</testsuite> <!-- Admin_TestScripts.TC_ID_18_Candidate_Listing -->
