<?xml version="1.0" encoding="UTF-8"?>
<!-- Generated by org.testng.reporters.JUnitReportReporter -->
<testsuite hostname="LAPTOP-9081R7OK" failures="0" tests="18" name="company.tests.TC_ID_04_Job_Listing" time="412.862" errors="0" timestamp="2025-03-19T22:54:36 IST" skipped="0">
  <testcase classname="company.tests.TC_ID_04_Job_Listing" name="TC_ID_04_11" time="51.443"/>
  <testcase classname="company.tests.TC_ID_04_Job_Listing" name="TC_ID_04_06" time="24.045"/>
  <testcase classname="company.tests.TC_ID_04_Job_Listing" name="TC_ID_04_16" time="11.770"/>
  <testcase classname="company.tests.TC_ID_04_Job_Listing" name="TC_ID_04_12" time="43.885"/>
  <testcase classname="company.tests.TC_ID_04_Job_Listing" name="TC_ID_04_17" time="27.401"/>
  <testcase classname="company.tests.TC_ID_04_Job_Listing" name="TC_ID_04_14" time="15.395"/>
  <testcase classname="company.tests.TC_ID_04_Job_Listing" name="TC_ID_04_07" time="23.623"/>
  <testcase classname="company.tests.TC_ID_04_Job_Listing" name="TC_ID_04_01" time="28.062"/>
  <testcase classname="company.tests.TC_ID_04_Job_Listing" name="TC_ID_04_18" time="16.539"/>
  <testcase classname="company.tests.TC_ID_04_Job_Listing" name="TC_ID_04_02" time="25.239"/>
  <testcase classname="company.tests.TC_ID_04_Job_Listing" name="TC_ID_04_04" time="28.234"/>
  <testcase classname="company.tests.TC_ID_04_Job_Listing" name="TC_ID_04_13" time="3.173"/>
  <testcase classname="company.tests.TC_ID_04_Job_Listing" name="TC_ID_04_08" time="19.527"/>
  <testcase classname="company.tests.TC_ID_04_Job_Listing" name="TC_ID_04_09" time="16.774"/>
  <testcase classname="company.tests.TC_ID_04_Job_Listing" name="TC_ID_04_10" time="35.848"/>
  <testcase classname="company.tests.TC_ID_04_Job_Listing" name="TC_ID_04_03" time="1.141"/>
  <testcase classname="company.tests.TC_ID_04_Job_Listing" name="TC_ID_04_05" time="24.842"/>
  <testcase classname="company.tests.TC_ID_04_Job_Listing" name="TC_ID_04_15" time="15.921"/>
</testsuite> <!-- company.tests.TC_ID_04_Job_Listing -->
