<?xml version="1.0" encoding="UTF-8"?>
<!-- Generated by org.testng.reporters.JUnitReportReporter -->
<testsuite hostname="LAPTOP-9081R7OK" failures="0" tests="18" name="company.TC_ID_04_Job_Listing" time="381.901" errors="0" timestamp="2025-04-22T11:23:42 IST" skipped="0">
  <testcase classname="company.TC_ID_04_Job_Listing" name="TC_ID_04_12" time="40.294"/>
  <testcase classname="company.TC_ID_04_Job_Listing" name="TC_ID_04_13" time="2.111"/>
  <testcase classname="company.TC_ID_04_Job_Listing" name="TC_ID_04_02" time="19.830"/>
  <testcase classname="company.TC_ID_04_Job_Listing" name="TC_ID_04_08" time="17.838"/>
  <testcase classname="company.TC_ID_04_Job_Listing" name="TC_ID_04_18" time="48.282"/>
  <testcase classname="company.TC_ID_04_Job_Listing" name="TC_ID_04_17" time="24.042"/>
  <testcase classname="company.TC_ID_04_Job_Listing" name="TC_ID_04_05" time="18.046"/>
  <testcase classname="company.TC_ID_04_Job_Listing" name="TC_ID_04_10" time="35.675"/>
  <testcase classname="company.TC_ID_04_Job_Listing" name="TC_ID_04_11" time="45.830"/>
  <testcase classname="company.TC_ID_04_Job_Listing" name="TC_ID_04_03" time="0.966"/>
  <testcase classname="company.TC_ID_04_Job_Listing" name="TC_ID_04_09" time="13.112"/>
  <testcase classname="company.TC_ID_04_Job_Listing" name="TC_ID_04_04" time="28.439"/>
  <testcase classname="company.TC_ID_04_Job_Listing" name="TC_ID_04_06" time="17.537"/>
  <testcase classname="company.TC_ID_04_Job_Listing" name="TC_ID_04_07" time="17.636"/>
  <testcase classname="company.TC_ID_04_Job_Listing" name="TC_ID_04_15" time="14.519"/>
  <testcase classname="company.TC_ID_04_Job_Listing" name="TC_ID_04_16" time="10.851"/>
  <testcase classname="company.TC_ID_04_Job_Listing" name="TC_ID_04_14" time="11.846"/>
  <testcase classname="company.TC_ID_04_Job_Listing" name="TC_ID_04_01" time="15.047"/>
</testsuite> <!-- company.TC_ID_04_Job_Listing -->
