<?xml version="1.0" encoding="UTF-8"?>
<!-- Generated by org.testng.reporters.JUnitReportReporter -->
<testsuite hostname="LAPTOP-9081R7OK" failures="0" tests="12" name="Admin_TestScripts.TC_ID_12_Admin_Login" time="62.087" errors="0" timestamp="2025-05-18T21:08:04 IST" skipped="0">
  <testcase classname="Admin_TestScripts.TC_ID_12_Admin_Login" name="TC_ID_12_11" time="11.789"/>
  <testcase classname="Admin_TestScripts.TC_ID_12_Admin_Login" name="TC_ID_12_02" time="3.131"/>
  <testcase classname="Admin_TestScripts.TC_ID_12_Admin_Login" name="TC_ID_12_04" time="3.487"/>
  <testcase classname="Admin_TestScripts.TC_ID_12_Admin_Login" name="TC_ID_12_07" time="3.489"/>
  <testcase classname="Admin_TestScripts.TC_ID_12_Admin_Login" name="TC_ID_12_08" time="7.035"/>
  <testcase classname="Admin_TestScripts.TC_ID_12_Admin_Login" name="TC_ID_12_09" time="6.280"/>
  <testcase classname="Admin_TestScripts.TC_ID_12_Admin_Login" name="TC_ID_12_05" time="3.265"/>
  <testcase classname="Admin_TestScripts.TC_ID_12_Admin_Login" name="TC_ID_12_06" time="4.406"/>
  <testcase classname="Admin_TestScripts.TC_ID_12_Admin_Login" name="TC_ID_12_12" time="1.268"/>
  <testcase classname="Admin_TestScripts.TC_ID_12_Admin_Login" name="TC_ID_12_03" time="0.151"/>
  <testcase classname="Admin_TestScripts.TC_ID_12_Admin_Login" name="TC_ID_12_10" time="0.785"/>
  <testcase classname="Admin_TestScripts.TC_ID_12_Admin_Login" name="TC_ID_12_01" time="17.001"/>
</testsuite> <!-- Admin_TestScripts.TC_ID_12_Admin_Login -->
