<?xml version="1.0" encoding="UTF-8"?>
<!-- Generated by org.testng.reporters.JUnitReportReporter -->
<testsuite hostname="LAPTOP-9081R7OK" failures="0" tests="17" name="company.tests.TC_ID_14_Company_List" time="186.715" errors="0" timestamp="2025-04-07T11:27:21 IST" skipped="0">
  <testcase classname="company.tests.TC_ID_14_Company_List" name="TC_ID_14_15" time="13.872"/>
  <testcase classname="company.tests.TC_ID_14_Company_List" name="TC_ID_14_01" time="24.902"/>
  <testcase classname="company.tests.TC_ID_14_Company_List" name="TC_ID_14_02" time="1.649"/>
  <testcase classname="company.tests.TC_ID_14_Company_List" name="TC_ID_14_04" time="1.089"/>
  <testcase classname="company.tests.TC_ID_14_Company_List" name="TC_ID_14_10" time="7.907"/>
  <testcase classname="company.tests.TC_ID_14_Company_List" name="TC_ID_14_17" time="1.787"/>
  <testcase classname="company.tests.TC_ID_14_Company_List" name="TC_ID_14_06" time="8.735"/>
  <testcase classname="company.tests.TC_ID_14_Company_List" name="TC_ID_14_09" time="7.377"/>
  <testcase classname="company.tests.TC_ID_14_Company_List" name="TC_ID_14_13" time="19.685"/>
  <testcase classname="company.tests.TC_ID_14_Company_List" name="TC_ID_14_12" time="1.782"/>
  <testcase classname="company.tests.TC_ID_14_Company_List" name="TC_ID_14_14" time="20.832"/>
  <testcase classname="company.tests.TC_ID_14_Company_List" name="TC_ID_14_16" time="4.804"/>
  <testcase classname="company.tests.TC_ID_14_Company_List" name="TC_ID_14_11" time="3.299"/>
  <testcase classname="company.tests.TC_ID_14_Company_List" name="TC_ID_14_05" time="34.935"/>
  <testcase classname="company.tests.TC_ID_14_Company_List" name="TC_ID_14_07" time="7.238"/>
  <testcase classname="company.tests.TC_ID_14_Company_List" name="TC_ID_14_08" time="8.307"/>
  <testcase classname="company.tests.TC_ID_14_Company_List" name="TC_ID_14_03" time="18.515"/>
</testsuite> <!-- company.tests.TC_ID_14_Company_List -->
