<?xml version="1.0" encoding="UTF-8"?>
<!-- Generated by org.testng.reporters.JUnitReportReporter -->
<testsuite hostname="LAPTOP-9081R7OK" failures="0" tests="6" name="company.TC_ID_10_Company_Trash_Job" time="88.490" errors="0" timestamp="2025-04-22T11:28:09 IST" skipped="0">
  <testcase classname="company.TC_ID_10_Company_Trash_Job" name="TC_ID_10_04" time="5.436"/>
  <testcase classname="company.TC_ID_10_Company_Trash_Job" name="TC_ID_10_05" time="1.326"/>
  <testcase classname="company.TC_ID_10_Company_Trash_Job" name="TC_ID_10_03" time="30.725"/>
  <testcase classname="company.TC_ID_10_Company_Trash_Job" name="TC_ID_10_01" time="18.504"/>
  <testcase classname="company.TC_ID_10_Company_Trash_Job" name="TC_ID_10_06" time="31.987"/>
  <testcase classname="company.TC_ID_10_Company_Trash_Job" name="TC_ID_10_02" time="0.512"/>
</testsuite> <!-- company.TC_ID_10_Company_Trash_Job -->
