<?xml version="1.0" encoding="UTF-8"?>
<!-- Generated by org.testng.reporters.JUnitReportReporter -->
<testsuite hostname="LAPTOP-9081R7OK" failures="0" tests="13" name="Admin_TestScripts.TC_ID_12_Admin_Login" time="62.661" errors="0" timestamp="2025-08-13T21:08:11 IST" skipped="0">
  <testcase classname="Admin_TestScripts.TC_ID_12_Admin_Login" name="TC_ID_12_02" time="3.442"/>
  <testcase classname="Admin_TestScripts.TC_ID_12_Admin_Login" name="TC_ID_12_04" time="3.160"/>
  <testcase classname="Admin_TestScripts.TC_ID_12_Admin_Login" name="TC_ID_12_07" time="2.812"/>
  <testcase classname="Admin_TestScripts.TC_ID_12_Admin_Login" name="TC_ID_12_10" time="0.542"/>
  <testcase classname="Admin_TestScripts.TC_ID_12_Admin_Login" name="openAdminbrowser" time="7.838"/>
  <testcase classname="Admin_TestScripts.TC_ID_12_Admin_Login" name="TC_ID_12_06" time="3.255"/>
  <testcase classname="Admin_TestScripts.TC_ID_12_Admin_Login" name="TC_ID_12_03" time="0.216"/>
  <testcase classname="Admin_TestScripts.TC_ID_12_Admin_Login" name="TC_ID_12_01" time="14.339"/>
  <testcase classname="Admin_TestScripts.TC_ID_12_Admin_Login" name="TC_ID_12_08" time="5.961"/>
  <testcase classname="Admin_TestScripts.TC_ID_12_Admin_Login" name="TC_ID_12_09" time="6.176"/>
  <testcase classname="Admin_TestScripts.TC_ID_12_Admin_Login" name="TC_ID_12_11" time="9.969"/>
  <testcase classname="Admin_TestScripts.TC_ID_12_Admin_Login" name="TC_ID_12_05" time="3.342"/>
  <testcase classname="Admin_TestScripts.TC_ID_12_Admin_Login" name="TC_ID_12_12" time="1.609"/>
</testsuite> <!-- Admin_TestScripts.TC_ID_12_Admin_Login -->
