<?xml version="1.0" encoding="UTF-8"?>
<!-- Generated by org.testng.reporters.JUnitReportReporter -->
<testsuite hostname="LAPTOP-9081R7OK" failures="0" tests="1" name="Candidate_TestScripts.TC_ID_06_Logout" time="10.010" errors="0" timestamp="2025-04-28T01:55:41 IST" skipped="0">
  <testcase classname="Candidate_TestScripts.TC_ID_06_Logout" name="TC_ID_06_15" time="10.010"/>
</testsuite> <!-- Candidate_TestScripts.TC_ID_06_Logout -->
