<?xml version="1.0" encoding="UTF-8"?>
<!-- Generated by org.testng.reporters.JUnitReportReporter -->
<testsuite hostname="LAPTOP-9081R7OK" failures="0" tests="18" name="company.tests.TC_ID_16_Admin_Job_Listing" time="345.269" errors="0" timestamp="2025-04-09T17:37:16 IST" skipped="0">
  <testcase classname="company.tests.TC_ID_16_Admin_Job_Listing" name="TC_ID_16_14" time="11.948"/>
  <testcase classname="company.tests.TC_ID_16_Admin_Job_Listing" name="TC_ID_16_13" time="2.300"/>
  <testcase classname="company.tests.TC_ID_16_Admin_Job_Listing" name="TC_ID_16_10" time="9.947"/>
  <testcase classname="company.tests.TC_ID_16_Admin_Job_Listing" name="TC_ID_16_06" time="19.793"/>
  <testcase classname="company.tests.TC_ID_16_Admin_Job_Listing" name="TC_ID_16_05" time="18.634"/>
  <testcase classname="company.tests.TC_ID_16_Admin_Job_Listing" name="TC_ID_16_07" time="20.365"/>
  <testcase classname="company.tests.TC_ID_16_Admin_Job_Listing" name="TC_ID_16_17" time="25.434"/>
  <testcase classname="company.tests.TC_ID_16_Admin_Job_Listing" name="TC_ID_16_12" time="42.143"/>
  <testcase classname="company.tests.TC_ID_16_Admin_Job_Listing" name="TC_ID_16_03" time="1.291"/>
  <testcase classname="company.tests.TC_ID_16_Admin_Job_Listing" name="TC_ID_16_16" time="11.014"/>
  <testcase classname="company.tests.TC_ID_16_Admin_Job_Listing" name="TC_ID_16_04" time="28.222"/>
  <testcase classname="company.tests.TC_ID_16_Admin_Job_Listing" name="TC_ID_16_09" time="14.616"/>
  <testcase classname="company.tests.TC_ID_16_Admin_Job_Listing" name="TC_ID_16_02" time="21.042"/>
  <testcase classname="company.tests.TC_ID_16_Admin_Job_Listing" name="TC_ID_16_08" time="19.104"/>
  <testcase classname="company.tests.TC_ID_16_Admin_Job_Listing" name="TC_ID_16_11" time="47.296"/>
  <testcase classname="company.tests.TC_ID_16_Admin_Job_Listing" name="TC_ID_16_15" time="15.560"/>
  <testcase classname="company.tests.TC_ID_16_Admin_Job_Listing" name="TC_ID_16_18" time="17.504"/>
  <testcase classname="company.tests.TC_ID_16_Admin_Job_Listing" name="TC_ID_16_01" time="19.056"/>
</testsuite> <!-- company.tests.TC_ID_16_Admin_Job_Listing -->
