<?xml version="1.0" encoding="UTF-8"?>
<!-- Generated by org.testng.reporters.JUnitReportReporter -->
<testsuite hostname="LAPTOP-9081R7OK" failures="0" tests="1" name="base.BaseTest2" time="14.807" errors="0" timestamp="2025-08-13T20:57:55 IST" skipped="0">
  <testcase classname="base.BaseTest2" name="openAdminbrowser" time="14.807"/>
</testsuite> <!-- base.BaseTest2 -->
