<?xml version="1.0" encoding="UTF-8"?>
<!-- Generated by org.testng.reporters.JUnitReportReporter -->
<testsuite hostname="LAPTOP-9081R7OK" failures="0" tests="1" name="tests.LoginTest" time="38.488" errors="0" timestamp="2024-12-04T12:15:15 IST" skipped="0">
  <testcase classname="tests.LoginTest" name="testLogin" time="38.488"/>
</testsuite> <!-- tests.LoginTest -->
