<?xml version="1.0" encoding="UTF-8"?>
<!-- Generated by org.testng.reporters.JUnitReportReporter -->
<testsuite hostname="LAPTOP-9081R7OK" failures="0" tests="7" name="tests.Register_and_Login" time="38.028" errors="0" timestamp="2024-12-27T13:45:47 IST" skipped="0">
  <testcase classname="tests.Register_and_Login" name="TC_ID_01_06" time="1.142"/>
  <testcase classname="tests.Register_and_Login" name="TC_ID_01_05" time="2.450"/>
  <testcase classname="tests.Register_and_Login" name="TC_ID_01_03" time="5.498"/>
  <testcase classname="tests.Register_and_Login" name="TC_ID_01_01" time="15.350"/>
  <testcase classname="tests.Register_and_Login" name="TC_ID_01_07" time="11.832"/>
  <testcase classname="tests.Register_and_Login" name="TC_ID_01_02" time="0.752"/>
  <testcase classname="tests.Register_and_Login" name="TC_ID_01_04" time="1.004"/>
</testsuite> <!-- tests.Register_and_Login -->
