<?xml version="1.0" encoding="UTF-8"?>
<!-- Generated by org.testng.reporters.JUnitReportReporter -->
<testsuite hostname="LAPTOP-9081R7OK" failures="0" tests="7" name="company.TC_ID_11_Company_Dashboard" time="19.461" errors="0" timestamp="2025-04-23T15:24:58 IST" skipped="0">
  <testcase classname="company.TC_ID_11_Company_Dashboard" name="TC_ID_02_03" time="1.188"/>
  <testcase classname="company.TC_ID_11_Company_Dashboard" name="TC_ID_02_05" time="1.023"/>
  <testcase classname="company.TC_ID_11_Company_Dashboard" name="TC_ID_02_01" time="13.924"/>
  <testcase classname="company.TC_ID_11_Company_Dashboard" name="TC_ID_02_06" time="0.816"/>
  <testcase classname="company.TC_ID_11_Company_Dashboard" name="TC_ID_02_07" time="0.670"/>
  <testcase classname="company.TC_ID_11_Company_Dashboard" name="TC_ID_02_02" time="0.267"/>
  <testcase classname="company.TC_ID_11_Company_Dashboard" name="TC_ID_02_04" time="1.573"/>
</testsuite> <!-- company.TC_ID_11_Company_Dashboard -->
