<?xml version="1.0" encoding="UTF-8"?>
<!-- Generated by org.testng.reporters.JUnitReportReporter -->
<testsuite hostname="LAPTOP-9081R7OK" failures="0" tests="1" name="company.tests.LoginTest" time="25.957" errors="0" timestamp="2025-01-18T17:29:28 IST" skipped="0">
  <testcase classname="company.tests.LoginTest" name="testLogin" time="25.957"/>
</testsuite> <!-- company.tests.LoginTest -->
