<?xml version="1.0" encoding="UTF-8"?>
<!-- Generated by org.testng.reporters.JUnitReportReporter -->
<testsuite hostname="MadhaviBambawle" failures="0" tests="2" name="Admin_TestScripts.TC_ID_18_Delete_Candidate" time="21.009" errors="0" timestamp="2025-04-03T14:31:39 IST" skipped="0">
  <testcase classname="Admin_TestScripts.TC_ID_18_Delete_Candidate" name="TC_ID_18_10" time="7.331"/>
  <system-out/>
  <testcase classname="Admin_TestScripts.TC_ID_18_Delete_Candidate" name="TC_ID_18_09" time="13.678"/>
  <system-out/>
</testsuite> <!-- Admin_TestScripts.TC_ID_18_Delete_Candidate -->
