<?xml version="1.0" encoding="UTF-8"?>
<!-- Generated by org.testng.reporters.JUnitReportReporter -->
<testsuite hostname="LAPTOP-9081R7OK" failures="0" tests="1" name="company.tests.TC_ID_14_Candidate_List" time="30.101" errors="0" timestamp="2025-04-01T13:13:41 IST" skipped="0">
  <testcase classname="company.tests.TC_ID_14_Candidate_List" name="TC_ID_13_01" time="30.101"/>
</testsuite> <!-- company.tests.TC_ID_14_Candidate_List -->
