<?xml version="1.0" encoding="UTF-8"?>
<!-- Generated by org.testng.reporters.JUnitReportReporter -->
<testsuite hostname="LAPTOP-9081R7OK" failures="0" tests="7" name="tests.TC_ID_01_Register_and_Login" time="29.785" errors="0" timestamp="2025-01-06T10:56:36 IST" skipped="0">
  <testcase classname="tests.TC_ID_01_Register_and_Login" name="TC_ID_01_05" time="1.297"/>
  <testcase classname="tests.TC_ID_01_Register_and_Login" name="TC_ID_01_04" time="0.996"/>
  <testcase classname="tests.TC_ID_01_Register_and_Login" name="TC_ID_01_02" time="0.904"/>
  <testcase classname="tests.TC_ID_01_Register_and_Login" name="TC_ID_01_03" time="5.642"/>
  <testcase classname="tests.TC_ID_01_Register_and_Login" name="TC_ID_01_07" time="7.255"/>
  <testcase classname="tests.TC_ID_01_Register_and_Login" name="TC_ID_01_06" time="0.209"/>
  <testcase classname="tests.TC_ID_01_Register_and_Login" name="TC_ID_01_01" time="13.482"/>
</testsuite> <!-- tests.TC_ID_01_Register_and_Login -->
