<?xml version="1.0" encoding="UTF-8"?>
<!-- Generated by org.testng.reporters.JUnitReportReporter -->
<testsuite hostname="MadhaviBambawle" failures="0" tests="8" name="Candidate_TestScripts.TC_ID_09_Landing_Page" time="25.860" errors="0" timestamp="2025-03-21T17:42:04 IST" skipped="0">
  <testcase classname="Candidate_TestScripts.TC_ID_09_Landing_Page" name="TC_ID_09_12" time="0.521"/>
  <system-out/>
  <testcase classname="Candidate_TestScripts.TC_ID_09_Landing_Page" name="TC_ID_09_15" time="3.345"/>
  <system-out/>
  <testcase classname="Candidate_TestScripts.TC_ID_09_Landing_Page" name="TC_ID_09_14" time="0.161"/>
  <system-out/>
  <testcase classname="Candidate_TestScripts.TC_ID_09_Landing_Page" name="TC_ID_09_10" time="6.853"/>
  <system-out/>
  <testcase classname="Candidate_TestScripts.TC_ID_09_Landing_Page" name="TC_ID_09_13" time="1.384"/>
  <system-out/>
  <testcase classname="Candidate_TestScripts.TC_ID_09_Landing_Page" name="TC_ID_09_11" time="1.596"/>
  <system-out/>
  <testcase classname="Candidate_TestScripts.TC_ID_09_Landing_Page" name="TC_ID_09_16" time="4.270"/>
  <system-out/>
  <testcase classname="Candidate_TestScripts.TC_ID_09_Landing_Page" name="TC_ID_09_17" time="7.730"/>
  <system-out/>
</testsuite> <!-- Candidate_TestScripts.TC_ID_09_Landing_Page -->
