<?xml version="1.0" encoding="UTF-8"?>
<!-- Generated by org.testng.reporters.JUnitReportReporter -->
<testsuite hostname="LAPTOP-9081R7OK" failures="0" tests="5" name="Admin_TestScripts.TC_ID_18_Admin_Candidate_Listing" time="43.822" errors="0" timestamp="2025-05-18T21:08:04 IST" skipped="0">
  <testcase classname="Admin_TestScripts.TC_ID_18_Admin_Candidate_Listing" name="TC_ID_18_05" time="1.285"/>
  <testcase classname="Admin_TestScripts.TC_ID_18_Admin_Candidate_Listing" name="TC_ID_18_01" time="26.516"/>
  <testcase classname="Admin_TestScripts.TC_ID_18_Admin_Candidate_Listing" name="TC_ID_18_04" time="5.026"/>
  <testcase classname="Admin_TestScripts.TC_ID_18_Admin_Candidate_Listing" name="TC_ID_18_02" time="6.256"/>
  <testcase classname="Admin_TestScripts.TC_ID_18_Admin_Candidate_Listing" name="TC_ID_18_03" time="4.739"/>
</testsuite> <!-- Admin_TestScripts.TC_ID_18_Admin_Candidate_Listing -->
