<?xml version="1.0" encoding="UTF-8"?>
<!-- Generated by org.testng.reporters.JUnitReportReporter -->
<testsuite hostname="LAPTOP-9081R7OK" failures="0" tests="17" name="company.TC_ID_14_Company_List" time="187.251" errors="0" timestamp="2025-04-22T11:51:24 IST" skipped="0">
  <testcase classname="company.TC_ID_14_Company_List" name="TC_ID_14_17" time="1.580"/>
  <testcase classname="company.TC_ID_14_Company_List" name="TC_ID_14_04" time="1.900"/>
  <testcase classname="company.TC_ID_14_Company_List" name="TC_ID_14_02" time="0.950"/>
  <testcase classname="company.TC_ID_14_Company_List" name="TC_ID_14_08" time="7.271"/>
  <testcase classname="company.TC_ID_14_Company_List" name="TC_ID_14_11" time="3.407"/>
  <testcase classname="company.TC_ID_14_Company_List" name="TC_ID_14_03" time="18.183"/>
  <testcase classname="company.TC_ID_14_Company_List" name="TC_ID_14_12" time="2.163"/>
  <testcase classname="company.TC_ID_14_Company_List" name="TC_ID_14_05" time="34.168"/>
  <testcase classname="company.TC_ID_14_Company_List" name="TC_ID_14_07" time="7.864"/>
  <testcase classname="company.TC_ID_14_Company_List" name="TC_ID_14_14" time="20.079"/>
  <testcase classname="company.TC_ID_14_Company_List" name="TC_ID_14_06" time="9.255"/>
  <testcase classname="company.TC_ID_14_Company_List" name="TC_ID_14_16" time="4.522"/>
  <testcase classname="company.TC_ID_14_Company_List" name="TC_ID_14_01" time="28.433"/>
  <testcase classname="company.TC_ID_14_Company_List" name="TC_ID_14_10" time="7.346"/>
  <testcase classname="company.TC_ID_14_Company_List" name="TC_ID_14_13" time="19.472"/>
  <testcase classname="company.TC_ID_14_Company_List" name="TC_ID_14_09" time="7.059"/>
  <testcase classname="company.TC_ID_14_Company_List" name="TC_ID_14_15" time="13.599"/>
</testsuite> <!-- company.TC_ID_14_Company_List -->
