<?xml version="1.0" encoding="UTF-8"?>
<!-- Generated by org.testng.reporters.JUnitReportReporter -->
<testsuite hostname="LAPTOP-9081R7OK" failures="0" tests="12" name="tests.TC_ID_02_Profile" time="180.412" errors="0" timestamp="2025-01-13T16:15:35 IST" skipped="0">
  <testcase classname="tests.TC_ID_02_Profile" name="TC_ID_02_12" time="4.980"/>
  <testcase classname="tests.TC_ID_02_Profile" name="TC_ID_02_06" time="0.163"/>
  <testcase classname="tests.TC_ID_02_Profile" name="TC_ID_02_11" time="1.513"/>
  <testcase classname="tests.TC_ID_02_Profile" name="TC_ID_02_01" time="38.315"/>
  <testcase classname="tests.TC_ID_02_Profile" name="TC_ID_02_02" time="2.247"/>
  <testcase classname="tests.TC_ID_02_Profile" name="TC_ID_02_05" time="9.589"/>
  <testcase classname="tests.TC_ID_02_Profile" name="TC_ID_02_03" time="26.985"/>
  <testcase classname="tests.TC_ID_02_Profile" name="TC_ID_02_09" time="73.984"/>
  <testcase classname="tests.TC_ID_02_Profile" name="TC_ID_02_10" time="7.797"/>
  <testcase classname="tests.TC_ID_02_Profile" name="TC_ID_02_04" time="9.333"/>
  <testcase classname="tests.TC_ID_02_Profile" name="TC_ID_02_07" time="2.892"/>
  <testcase classname="tests.TC_ID_02_Profile" name="TC_ID_02_08" time="2.614"/>
</testsuite> <!-- tests.TC_ID_02_Profile -->
